<?xml version="1.0" encoding="UTF-8"?>
<!-- Generated by org.testng.reporters.JUnitReportReporter -->
<testsuite hostname="Blackbeauty" name="com.test.runner.RunCukesTest" tests="1" failures="0" timestamp="22 Jul 2018 10:47:56 GMT" time="5.782" errors="0">
  <testcase name="feature" time="5.782" classname="com.test.runner.RunCukesTest"/>
</testsuite> <!-- com.test.runner.RunCukesTest -->
