<?xml version="1.0" encoding="UTF-8"?>
<!-- Generated by org.testng.reporters.JUnitReportReporter -->
<testsuite hostname="Blackbeauty" name="com.test.runner.RunCucumberTest" tests="1" failures="0" timestamp="27 Jul 2018 06:04:30 GMT" time="16.082" errors="0">
  <testcase name="feature" time="16.082" classname="com.test.runner.RunCucumberTest"/>
</testsuite> <!-- com.test.runner.RunCucumberTest -->
